PCAD Importer Log
Project : pr4.PrjPcb

Section : C:\Users\fresh\Desktop\óíèâåð\pending\PCAD\pr4\pr4.PCB
    Section : Load Messages
        Warning - 1 : Skipping Token defaultPinDes On Line 584
        Warning - 1 : Skipping Token defaultPinDes On Line 585
        Warning - 1 : Skipping Token defaultPinDes On Line 629
        Warning - 1 : Skipping Token defaultPinDes On Line 630
        Warning - 1 : Skipping Token defaultPinDes On Line 750
        Warning - 1 : Skipping Token defaultPinDes On Line 751
        Warning - 1 : Skipping Token defaultPinDes On Line 752
        Warning - 1 : Skipping Token defaultPinDes On Line 782
        Warning - 1 : Skipping Token defaultPinDes On Line 783
        Warning - 1 : Skipping Token defaultPinDes On Line 845
        Warning - 1 : Skipping Token defaultPinDes On Line 846
        Warning - 1 : Skipping Token defaultPinDes On Line 847
        Warning - 1 : Skipping Token defaultPinDes On Line 848
        Warning - 1 : Skipping Token defaultPinDes On Line 849
        Warning - 1 : Skipping Token defaultPinDes On Line 850
        Warning - 1 : Skipping Token defaultPinDes On Line 851
        Warning - 1 : Skipping Token defaultPinDes On Line 852
        Warning - 1 : Skipping Token attachedSymbol On Line 927
        Warning - 1 : Skipping Token attachedSymbol On Line 954
        Warning - 1 : Skipping Token attachedSymbol On Line 980
        Warning - 1 : Skipping Token attachedSymbol On Line 1000
        Warning - 1 : Skipping Token attachedSymbol On Line 1021
        Warning - 1 : Skipping Token attachedSymbol On Line 1050
        Warning - 1 : Skipping Token attachedSymbol On Line 1051
        Warning - 1 : Skipping Token attachedSymbol On Line 1052
        Warning - 1 : Skipping Token attachedSymbol On Line 1078
        Warning - 1 : Skipping Token attachedSymbol On Line 1098
        Warning - 1 : Skipping Token attachedSymbol On Line 1121
        Warning - 1 : Skipping Token refPointSize On Line 1363
        Warning - 1 : Skipping Token infoPointSize On Line 1364
        Warning - 1 : Skipping Token gluePointSize On Line 1365
        Warning - 1 : Skipping Token pickPointSize On Line 1366
        Warning - 1 : Skipping Token testPointSize On Line 1367
        Warning - 1 : Skipping Token refPointSizePrint On Line 1368
        Warning - 1 : Skipping Token infoPointSizePrint On Line 1369
        Warning - 1 : Skipping Token gluePointSizePrint On Line 1370
        Warning - 1 : Skipping Token pickPointSizePrint On Line 1371
        Warning - 1 : Skipping Token testPointSizePrint On Line 1372
        Warning - 1 : Skipping Token solderFlowDirection On Line 1373
        Warning - 1 : Skipping Token globalCopperPourCutoutBackoffFlag On Line 1374
        Warning - 1 : Skipping Token useLegacyBackoffAlgorithm On Line 1375
        Warning - 1 : Skipping Token useLegacyCupourIslandGenerationAlgorithm On Line 1376
        Warning - 1 : Skipping Token K1047-5R On Line 1551
        Warning - 1 : Skipping Token K1047-5R On Line 1551
        Warning - 1 : Skipping Token K1047-5R On Line 1568
        Warning - 1 : Skipping Token K1047-5R On Line 1568
        Warning - 1 : Skipping Token KT13-1 On Line 1593
        Warning - 1 : Skipping Token KT13-1 On Line 1593
        Warning - 1 : Skipping Token KT13-2 On Line 1599
        Warning - 1 : Skipping Token KT13-2 On Line 1599
        Warning - 1 : Skipping Token 12.5mm On Line 1632
        Warning - 1 : Skipping Token 12.5mm On Line 1632
        Warning - 1 : Skipping Token 15mm On Line 1638
        Warning - 1 : Skipping Token 15mm On Line 1638
        Warning - 1 : Skipping Token 2.5mm_v On Line 1644
        Warning - 1 : Skipping Token 2.5mm_v On Line 1644
        Warning - 1 : Skipping Token 5mm_v1 On Line 1650
        Warning - 1 : Skipping Token 5mm_v1 On Line 1650
        Warning - 1 : Skipping Token 5mm_v2 On Line 1656
        Warning - 1 : Skipping Token 5mm_v2 On Line 1656
        Warning - 1 : Skipping Token 7.5mm On Line 1662
        Warning - 1 : Skipping Token 7.5mm On Line 1662
        Warning - 1 : Skipping Token drillSymSettings On Line 1838
        Warning - 1 : Skipping Token gerberSettings On Line 1840
        Warning - 1 : Skipping Token ncDrillSettings On Line 1854
        Warning - 1 : Skipping Token programState On Line 1863
        Warning - 1 : Skipping Token displayDrawOrder On Line 1904
        Warning - 1 : Skipping Token reportSettings On Line 2127
        Warning - 1 : Skipping Token odbSettings On Line 2824
    EndSection

    Section : Import Messages
        Warning - 0 : PCAD Pattern Graphics [K1047-5][Primary] associated with PCAD Component [K1047-5] has been renamed to PCB FootPrint [K1047-5_Primary].
        Warning - 0 : PCAD Pattern Graphics [K1047-5][Primary] associated with PCAD Component [K1047-5] has been renamed to PCB FootPrint [K1047-5_Primary].
        Warning - 0 : PCAD Pattern Graphics [KT13][Primary] associated with PCAD Component [ÊÒ315Â] has been renamed to PCB FootPrint [KT13_ÊÒ315Â(Primary)].
        Warning - 0 : PCAD Pattern Graphics [ÊÄ521(522)][Primary] associated with PCAD Component [ÊÄ522À] has been renamed to PCB FootPrint [ÊÄ521(522)_ÊÄ522À(Primary)].
        Warning - 0 : PCAD Pattern Graphics [Ê40.52][Primary] associated with PCAD Component [40.52] has been renamed to PCB FootPrint [Ê40.52_40.52(Primary)].
    EndSection
EndSection
