PCAD Importer Log
Project : 19.PrjPcb

Section : C:\Users\fresh\Desktop\универ\pending\PCAD\pr3\19.SCH
    Section : Parsing Messages
        Warning - 1 : Skipping Token defaultPinDes On Line 133
        Warning - 1 : Skipping Token defaultPinDes On Line 141
        Warning - 1 : Skipping Token defaultPinDes On Line 181
        Warning - 1 : Skipping Token defaultPinDes On Line 189
        Warning - 1 : Skipping Token defaultPinDes On Line 210
        Warning - 1 : Skipping Token defaultPinDes On Line 218
        Warning - 1 : Skipping Token defaultPinDes On Line 297
        Warning - 1 : Skipping Token defaultPinDes On Line 305
        Warning - 1 : Skipping Token defaultPinDes On Line 323
        Warning - 1 : Skipping Token defaultPinDes On Line 331
        Warning - 1 : Skipping Token defaultPinDes On Line 373
        Warning - 1 : Skipping Token defaultPinDes On Line 381
        Warning - 1 : Skipping Token defaultPinDes On Line 389
        Warning - 1 : Skipping Token defaultPinDes On Line 412
        Warning - 1 : Skipping Token defaultPinDes On Line 420
        Warning - 1 : Skipping Token defaultPinDes On Line 428
        Warning - 1 : Skipping Token defaultPinDes On Line 436
        Warning - 1 : Skipping Token defaultPinDes On Line 444
        Warning - 1 : Skipping Token defaultPinDes On Line 452
        Warning - 1 : Skipping Token defaultPinDes On Line 460
        Warning - 1 : Skipping Token defaultPinDes On Line 468
        Warning - 1 : Skipping Token gridDfns On Line 958
        Warning - 1 : Skipping Token refPointSize On Line 963
        Warning - 1 : Skipping Token infoPointSize On Line 964
        Warning - 1 : Skipping Token junctionSize On Line 965
        Warning - 1 : Skipping Token refPointSizePrint On Line 966
        Warning - 1 : Skipping Token infoPointSizePrint On Line 967
        Warning - 1 : Skipping Token junctionSizePrint On Line 968
        Warning - 1 : Skipping Token PrintRegion On Line 1234
        Warning - 1 : Skipping Token schematicPrintSettings On Line 1236
        Warning - 1 : Skipping Token ecoState On Line 1251
        Warning - 1 : Skipping Token currentTextStyle On Line 1252
        Warning - 1 : Skipping Token reportSettings On Line 1255
    EndSection

    Section : Generating SCH Library - 19.SchLib
        Warning : Create component variant [R100_VARIANT_1] for component with original name [R100]
        Warning : Component [40.52] - removed empty display mode [Normal] for part number [2]
        Warning : Component [40.52] - removed empty display mode [Normal] for part number [3]
    EndSection

    Section : Generating SCH Sheet - Sheet1.SCHDOC
        Warning : Add Power Object for Pin Name [+5B] at location [11023.6mil : 7047.23mil]
        Warning : Add Power Object for Pin Name [-14B] at location [11023.6mil : 2362.2mil]
    EndSection

    Section : Analyzing SCH Sheet - Sheet1.SCHDOC
    EndSection
EndSection
